<?xml version="1.0" encoding="UTF-8"?>
<testng-results ignored="0" total="2" passed="1" failed="0" skipped="1">
  <reporter-output>
    <line>
      <![CDATA[Reading data from property file]]>
    </line>
    <line>
      <![CDATA[data is https://neostox.com/]]>
    </line>
    <line>
      <![CDATA[waiting for 1000ms]]>
    </line>
    <line>
      <![CDATA[Launching neostox application]]>
    </line>
    <line>
      <![CDATA[clicking on sign in button]]>
    </line>
    <line>
      <![CDATA[waiting for 1000ms]]>
    </line>
    <line>
      <![CDATA[Reading data from property file]]>
    </line>
    <line>
      <![CDATA[data is 7264862687]]>
    </line>
    <line>
      <![CDATA[entering mobile number ]]>
    </line>
    <line>
      <![CDATA[clicking on sign in button]]>
    </line>
    <line>
      <![CDATA[waiting for 1000ms]]>
    </line>
    <line>
      <![CDATA[Reading data from property file]]>
    </line>
    <line>
      <![CDATA[data is 1234]]>
    </line>
    <line>
      <![CDATA[entering password]]>
    </line>
    <line>
      <![CDATA[clicking on submit button]]>
    </line>
    <line>
      <![CDATA[scrolling into view to OK]]>
    </line>
    <line>
      <![CDATA[Clicking on popup OK button]]>
    </line>
    <line>
      <![CDATA[getting account balance]]>
    </line>
    <line>
      <![CDATA[Account balance is Rs.5,00,000.00]]>
    </line>
    <line>
      <![CDATA[Reading data from property file]]>
    </line>
    <line>
      <![CDATA[data is TCID-6587]]>
    </line>
    <line>
      <![CDATA[Taking Screenshot]]>
    </line>
    <line>
      <![CDATA[screenshot taken and saved at C:\Users\Anjum\eclipse-workspace\selenium_project\ScreenshotEg\TCID-6587.jpg]]>
    </line>
    <line>
      <![CDATA[Logging out from neostox ]]>
    </line>
    <line>
      <![CDATA[clicking on sign in button]]>
    </line>
    <line>
      <![CDATA[waiting for 1000ms]]>
    </line>
    <line>
      <![CDATA[Reading data from property file]]>
    </line>
    <line>
      <![CDATA[data is 7264862687]]>
    </line>
    <line>
      <![CDATA[entering mobile number ]]>
    </line>
    <line>
      <![CDATA[clicking on sign in button]]>
    </line>
    <line>
      <![CDATA[waiting for 1000ms]]>
    </line>
    <line>
      <![CDATA[Reading data from property file]]>
    </line>
    <line>
      <![CDATA[data is 1234]]>
    </line>
    <line>
      <![CDATA[entering password]]>
    </line>
    <line>
      <![CDATA[clicking on submit button]]>
    </line>
  </reporter-output>
  <suite started-at="2023-01-16T22:41:57 IST" name="Default suite" finished-at="2023-01-16T22:43:18 IST" duration-ms="80771">
    <groups>
    </groups>
    <test started-at="2023-01-16T22:41:57 IST" name="Default test" finished-at="2023-01-16T22:43:18 IST" duration-ms="80771">
      <class name="neoStoxTestNGClass.ValidateNeoStoxUserNameUsingPropertyFile">
        <test-method is-config="true" signature="LaunchBrowser()[pri:0, instance:neoStoxTestNGClass.ValidateNeoStoxUserNameUsingPropertyFile@18df8434]" started-at="2023-01-16T22:41:57 IST" name="LaunchBrowser" finished-at="2023-01-16T22:42:27 IST" duration-ms="30112" status="PASS">
          <reporter-output>
            <line>
              <![CDATA[Reading data from property file]]>
            </line>
            <line>
              <![CDATA[data is https://neostox.com/]]>
            </line>
            <line>
              <![CDATA[waiting for 1000ms]]>
            </line>
            <line>
              <![CDATA[Launching neostox application]]>
            </line>
          </reporter-output>
        </test-method> <!-- LaunchBrowser -->
        <test-method is-config="true" signature="signIntoNeostox()[pri:0, instance:neoStoxTestNGClass.ValidateNeoStoxUserNameUsingPropertyFile@18df8434]" started-at="2023-01-16T22:42:27 IST" name="signIntoNeostox" finished-at="2023-01-16T22:42:49 IST" duration-ms="21500" status="PASS">
          <reporter-output>
            <line>
              <![CDATA[clicking on sign in button]]>
            </line>
            <line>
              <![CDATA[waiting for 1000ms]]>
            </line>
            <line>
              <![CDATA[Reading data from property file]]>
            </line>
            <line>
              <![CDATA[data is 7264862687]]>
            </line>
            <line>
              <![CDATA[entering mobile number ]]>
            </line>
            <line>
              <![CDATA[clicking on sign in button]]>
            </line>
            <line>
              <![CDATA[waiting for 1000ms]]>
            </line>
            <line>
              <![CDATA[Reading data from property file]]>
            </line>
            <line>
              <![CDATA[data is 1234]]>
            </line>
            <line>
              <![CDATA[entering password]]>
            </line>
            <line>
              <![CDATA[clicking on submit button]]>
            </line>
            <line>
              <![CDATA[scrolling into view to OK]]>
            </line>
            <line>
              <![CDATA[Clicking on popup OK button]]>
            </line>
          </reporter-output>
        </test-method> <!-- signIntoNeostox -->
        <test-method signature="ValidateACBalance()[pri:0, instance:neoStoxTestNGClass.ValidateNeoStoxUserNameUsingPropertyFile@18df8434]" started-at="2023-01-16T22:42:49 IST" name="ValidateACBalance" finished-at="2023-01-16T22:42:51 IST" duration-ms="2555" status="PASS">
          <reporter-output>
            <line>
              <![CDATA[getting account balance]]>
            </line>
            <line>
              <![CDATA[Account balance is Rs.5,00,000.00]]>
            </line>
            <line>
              <![CDATA[Reading data from property file]]>
            </line>
            <line>
              <![CDATA[data is TCID-6587]]>
            </line>
            <line>
              <![CDATA[Taking Screenshot]]>
            </line>
            <line>
              <![CDATA[screenshot taken and saved at C:\Users\Anjum\eclipse-workspace\selenium_project\ScreenshotEg\TCID-6587.jpg]]>
            </line>
          </reporter-output>
        </test-method> <!-- ValidateACBalance -->
        <test-method is-config="true" signature="LogoutFromNeostox()[pri:0, instance:neoStoxTestNGClass.ValidateNeoStoxUserNameUsingPropertyFile@18df8434]" started-at="2023-01-16T22:42:52 IST" name="LogoutFromNeostox" finished-at="2023-01-16T22:42:59 IST" duration-ms="7512" status="PASS">
          <reporter-output>
            <line>
              <![CDATA[Logging out from neostox ]]>
            </line>
          </reporter-output>
        </test-method> <!-- LogoutFromNeostox -->
        <test-method is-config="true" signature="signIntoNeostox()[pri:0, instance:neoStoxTestNGClass.ValidateNeoStoxUserNameUsingPropertyFile@18df8434]" started-at="2023-01-16T22:42:59 IST" name="signIntoNeostox" finished-at="2023-01-16T22:43:17 IST" duration-ms="18036" status="FAIL">
          <exception class="org.openqa.selenium.NoSuchElementException">
            <message>
              <![CDATA[no such element: Unable to locate element: {"method":"link text","selector":"OK"}
  (Session info: chrome=109.0.5414.75)
For documentation on this error, please visit: https://selenium.dev/exceptions/#no_such_element
Build info: version: '4.5.3', revision: '4b786a1e430'
System info: os.name: 'Windows 10', os.arch: 'amd64', os.version: '10.0', java.version: '11.0.15.1'
Driver info: org.openqa.selenium.chrome.ChromeDriver
Command: [14a549ddb0a2bdf05391e4d258208637, findElement {using=link text, value=OK}]
Capabilities {acceptInsecureCerts: false, browserName: chrome, browserVersion: 109.0.5414.75, chrome: {chromedriverVersion: 109.0.5414.74 (e7c5703604da..., userDataDir: C:\Users\Anjum\AppData\Loca...}, goog:chromeOptions: {debuggerAddress: localhost:63727}, networkConnectionEnabled: false, pageLoadStrategy: normal, platformName: WINDOWS, proxy: Proxy(), se:cdp: ws://localhost:63727/devtoo..., se:cdpVersion: 109.0.5414.75, setWindowRect: true, strictFileInteractability: false, timeouts: {implicit: 0, pageLoad: 300000, script: 30000}, unhandledPromptBehavior: dismiss and notify, webauthn:extension:credBlob: true, webauthn:extension:largeBlob: true, webauthn:virtualAuthenticators: true}
Session ID: 14a549ddb0a2bdf05391e4d258208637]]>
            </message>
            <full-stacktrace>
              <![CDATA[org.openqa.selenium.NoSuchElementException: no such element: Unable to locate element: {"method":"link text","selector":"OK"}
  (Session info: chrome=109.0.5414.75)
For documentation on this error, please visit: https://selenium.dev/exceptions/#no_such_element
Build info: version: '4.5.3', revision: '4b786a1e430'
System info: os.name: 'Windows 10', os.arch: 'amd64', os.version: '10.0', java.version: '11.0.15.1'
Driver info: org.openqa.selenium.chrome.ChromeDriver
Command: [14a549ddb0a2bdf05391e4d258208637, findElement {using=link text, value=OK}]
Capabilities {acceptInsecureCerts: false, browserName: chrome, browserVersion: 109.0.5414.75, chrome: {chromedriverVersion: 109.0.5414.74 (e7c5703604da..., userDataDir: C:\Users\Anjum\AppData\Loca...}, goog:chromeOptions: {debuggerAddress: localhost:63727}, networkConnectionEnabled: false, pageLoadStrategy: normal, platformName: WINDOWS, proxy: Proxy(), se:cdp: ws://localhost:63727/devtoo..., se:cdpVersion: 109.0.5414.75, setWindowRect: true, strictFileInteractability: false, timeouts: {implicit: 0, pageLoad: 300000, script: 30000}, unhandledPromptBehavior: dismiss and notify, webauthn:extension:credBlob: true, webauthn:extension:largeBlob: true, webauthn:virtualAuthenticators: true}
Session ID: 14a549ddb0a2bdf05391e4d258208637
at java.base/jdk.internal.reflect.NativeConstructorAccessorImpl.newInstance0(Native Method)
at java.base/jdk.internal.reflect.NativeConstructorAccessorImpl.newInstance(NativeConstructorAccessorImpl.java:62)
at java.base/jdk.internal.reflect.DelegatingConstructorAccessorImpl.newInstance(DelegatingConstructorAccessorImpl.java:45)
at java.base/java.lang.reflect.Constructor.newInstance(Constructor.java:490)
at org.openqa.selenium.remote.codec.w3c.W3CHttpResponseCodec.createException(W3CHttpResponseCodec.java:200)
at org.openqa.selenium.remote.codec.w3c.W3CHttpResponseCodec.decode(W3CHttpResponseCodec.java:133)
at org.openqa.selenium.remote.codec.w3c.W3CHttpResponseCodec.decode(W3CHttpResponseCodec.java:53)
at org.openqa.selenium.remote.HttpCommandExecutor.execute(HttpCommandExecutor.java:184)
at org.openqa.selenium.remote.service.DriverCommandExecutor.invokeExecute(DriverCommandExecutor.java:167)
at org.openqa.selenium.remote.service.DriverCommandExecutor.execute(DriverCommandExecutor.java:142)
at org.openqa.selenium.remote.RemoteWebDriver.execute(RemoteWebDriver.java:541)
at org.openqa.selenium.remote.ElementLocation$ElementFinder$2.findElement(ElementLocation.java:162)
at org.openqa.selenium.remote.ElementLocation.findElement(ElementLocation.java:60)
at org.openqa.selenium.remote.RemoteWebDriver.findElement(RemoteWebDriver.java:365)
at org.openqa.selenium.remote.RemoteWebDriver.findElement(RemoteWebDriver.java:357)
at org.openqa.selenium.support.pagefactory.DefaultElementLocator.findElement(DefaultElementLocator.java:70)
at org.openqa.selenium.support.pagefactory.internal.LocatingElementHandler.invoke(LocatingElementHandler.java:39)
at com.sun.proxy.$Proxy18.isDisplayed(Unknown Source)
at neoStoxPOMClassUsingUtility.NeoStoxDashboardPage1.HandlePopup(NeoStoxDashboardPage1.java:34)
at neoStoxTestNGClass.ValidateNeoStoxUserNameUsingPropertyFile.signIntoNeostox(ValidateNeoStoxUserNameUsingPropertyFile.java:66)
at java.base/jdk.internal.reflect.NativeMethodAccessorImpl.invoke0(Native Method)
at java.base/jdk.internal.reflect.NativeMethodAccessorImpl.invoke(NativeMethodAccessorImpl.java:62)
at java.base/jdk.internal.reflect.DelegatingMethodAccessorImpl.invoke(DelegatingMethodAccessorImpl.java:43)
at java.base/java.lang.reflect.Method.invoke(Method.java:566)
at org.testng.internal.MethodInvocationHelper.invokeMethod(MethodInvocationHelper.java:133)
at org.testng.internal.MethodInvocationHelper.invokeMethodConsideringTimeout(MethodInvocationHelper.java:62)
at org.testng.internal.ConfigInvoker.invokeConfigurationMethod(ConfigInvoker.java:385)
at org.testng.internal.ConfigInvoker.invokeConfigurations(ConfigInvoker.java:321)
at org.testng.internal.TestInvoker.runConfigMethods(TestInvoker.java:700)
at org.testng.internal.TestInvoker.invokeMethod(TestInvoker.java:527)
at org.testng.internal.TestInvoker.invokeTestMethod(TestInvoker.java:173)
at org.testng.internal.MethodRunner.runInSequence(MethodRunner.java:46)
at org.testng.internal.TestInvoker$MethodInvocationAgent.invoke(TestInvoker.java:824)
at org.testng.internal.TestInvoker.invokeTestMethods(TestInvoker.java:146)
at org.testng.internal.TestMethodWorker.invokeTestMethods(TestMethodWorker.java:146)
at org.testng.internal.TestMethodWorker.run(TestMethodWorker.java:128)
at java.base/java.util.ArrayList.forEach(ArrayList.java:1541)
at org.testng.TestRunner.privateRun(TestRunner.java:794)
at org.testng.TestRunner.run(TestRunner.java:596)
at org.testng.SuiteRunner.runTest(SuiteRunner.java:377)
at org.testng.SuiteRunner.runSequentially(SuiteRunner.java:371)
at org.testng.SuiteRunner.privateRun(SuiteRunner.java:332)
at org.testng.SuiteRunner.run(SuiteRunner.java:276)
at org.testng.SuiteRunnerWorker.runSuite(SuiteRunnerWorker.java:53)
at org.testng.SuiteRunnerWorker.run(SuiteRunnerWorker.java:96)
at org.testng.TestNG.runSuitesSequentially(TestNG.java:1212)
at org.testng.TestNG.runSuitesLocally(TestNG.java:1134)
at org.testng.TestNG.runSuites(TestNG.java:1063)
at org.testng.TestNG.run(TestNG.java:1031)
at org.testng.remote.AbstractRemoteTestNG.run(AbstractRemoteTestNG.java:115)
at org.testng.remote.RemoteTestNG.initAndRun(RemoteTestNG.java:251)
at org.testng.remote.RemoteTestNG.main(RemoteTestNG.java:77)
]]>
            </full-stacktrace>
          </exception> <!-- org.openqa.selenium.NoSuchElementException -->
          <reporter-output>
            <line>
              <![CDATA[clicking on sign in button]]>
            </line>
            <line>
              <![CDATA[waiting for 1000ms]]>
            </line>
            <line>
              <![CDATA[Reading data from property file]]>
            </line>
            <line>
              <![CDATA[data is 7264862687]]>
            </line>
            <line>
              <![CDATA[entering mobile number ]]>
            </line>
            <line>
              <![CDATA[clicking on sign in button]]>
            </line>
            <line>
              <![CDATA[waiting for 1000ms]]>
            </line>
            <line>
              <![CDATA[Reading data from property file]]>
            </line>
            <line>
              <![CDATA[data is 1234]]>
            </line>
            <line>
              <![CDATA[entering password]]>
            </line>
            <line>
              <![CDATA[clicking on submit button]]>
            </line>
          </reporter-output>
        </test-method> <!-- signIntoNeostox -->
        <test-method signature="ValidateUserName()[pri:0, instance:neoStoxTestNGClass.ValidateNeoStoxUserNameUsingPropertyFile@18df8434]" started-at="2023-01-16T22:43:18 IST" name="ValidateUserName" finished-at="2023-01-16T22:43:18 IST" duration-ms="0" status="SKIP">
          <exception class="org.openqa.selenium.NoSuchElementException">
            <message>
              <![CDATA[no such element: Unable to locate element: {"method":"link text","selector":"OK"}
  (Session info: chrome=109.0.5414.75)
For documentation on this error, please visit: https://selenium.dev/exceptions/#no_such_element
Build info: version: '4.5.3', revision: '4b786a1e430'
System info: os.name: 'Windows 10', os.arch: 'amd64', os.version: '10.0', java.version: '11.0.15.1'
Driver info: org.openqa.selenium.chrome.ChromeDriver
Command: [14a549ddb0a2bdf05391e4d258208637, findElement {using=link text, value=OK}]
Capabilities {acceptInsecureCerts: false, browserName: chrome, browserVersion: 109.0.5414.75, chrome: {chromedriverVersion: 109.0.5414.74 (e7c5703604da..., userDataDir: C:\Users\Anjum\AppData\Loca...}, goog:chromeOptions: {debuggerAddress: localhost:63727}, networkConnectionEnabled: false, pageLoadStrategy: normal, platformName: WINDOWS, proxy: Proxy(), se:cdp: ws://localhost:63727/devtoo..., se:cdpVersion: 109.0.5414.75, setWindowRect: true, strictFileInteractability: false, timeouts: {implicit: 0, pageLoad: 300000, script: 30000}, unhandledPromptBehavior: dismiss and notify, webauthn:extension:credBlob: true, webauthn:extension:largeBlob: true, webauthn:virtualAuthenticators: true}
Session ID: 14a549ddb0a2bdf05391e4d258208637]]>
            </message>
            <full-stacktrace>
              <![CDATA[org.openqa.selenium.NoSuchElementException: no such element: Unable to locate element: {"method":"link text","selector":"OK"}
  (Session info: chrome=109.0.5414.75)
For documentation on this error, please visit: https://selenium.dev/exceptions/#no_such_element
Build info: version: '4.5.3', revision: '4b786a1e430'
System info: os.name: 'Windows 10', os.arch: 'amd64', os.version: '10.0', java.version: '11.0.15.1'
Driver info: org.openqa.selenium.chrome.ChromeDriver
Command: [14a549ddb0a2bdf05391e4d258208637, findElement {using=link text, value=OK}]
Capabilities {acceptInsecureCerts: false, browserName: chrome, browserVersion: 109.0.5414.75, chrome: {chromedriverVersion: 109.0.5414.74 (e7c5703604da..., userDataDir: C:\Users\Anjum\AppData\Loca...}, goog:chromeOptions: {debuggerAddress: localhost:63727}, networkConnectionEnabled: false, pageLoadStrategy: normal, platformName: WINDOWS, proxy: Proxy(), se:cdp: ws://localhost:63727/devtoo..., se:cdpVersion: 109.0.5414.75, setWindowRect: true, strictFileInteractability: false, timeouts: {implicit: 0, pageLoad: 300000, script: 30000}, unhandledPromptBehavior: dismiss and notify, webauthn:extension:credBlob: true, webauthn:extension:largeBlob: true, webauthn:virtualAuthenticators: true}
Session ID: 14a549ddb0a2bdf05391e4d258208637
at java.base/jdk.internal.reflect.NativeConstructorAccessorImpl.newInstance0(Native Method)
at java.base/jdk.internal.reflect.NativeConstructorAccessorImpl.newInstance(NativeConstructorAccessorImpl.java:62)
at java.base/jdk.internal.reflect.DelegatingConstructorAccessorImpl.newInstance(DelegatingConstructorAccessorImpl.java:45)
at java.base/java.lang.reflect.Constructor.newInstance(Constructor.java:490)
at org.openqa.selenium.remote.codec.w3c.W3CHttpResponseCodec.createException(W3CHttpResponseCodec.java:200)
at org.openqa.selenium.remote.codec.w3c.W3CHttpResponseCodec.decode(W3CHttpResponseCodec.java:133)
at org.openqa.selenium.remote.codec.w3c.W3CHttpResponseCodec.decode(W3CHttpResponseCodec.java:53)
at org.openqa.selenium.remote.HttpCommandExecutor.execute(HttpCommandExecutor.java:184)
at org.openqa.selenium.remote.service.DriverCommandExecutor.invokeExecute(DriverCommandExecutor.java:167)
at org.openqa.selenium.remote.service.DriverCommandExecutor.execute(DriverCommandExecutor.java:142)
at org.openqa.selenium.remote.RemoteWebDriver.execute(RemoteWebDriver.java:541)
at org.openqa.selenium.remote.ElementLocation$ElementFinder$2.findElement(ElementLocation.java:162)
at org.openqa.selenium.remote.ElementLocation.findElement(ElementLocation.java:60)
at org.openqa.selenium.remote.RemoteWebDriver.findElement(RemoteWebDriver.java:365)
at org.openqa.selenium.remote.RemoteWebDriver.findElement(RemoteWebDriver.java:357)
at org.openqa.selenium.support.pagefactory.DefaultElementLocator.findElement(DefaultElementLocator.java:70)
at org.openqa.selenium.support.pagefactory.internal.LocatingElementHandler.invoke(LocatingElementHandler.java:39)
at com.sun.proxy.$Proxy18.isDisplayed(Unknown Source)
at neoStoxPOMClassUsingUtility.NeoStoxDashboardPage1.HandlePopup(NeoStoxDashboardPage1.java:34)
at neoStoxTestNGClass.ValidateNeoStoxUserNameUsingPropertyFile.signIntoNeostox(ValidateNeoStoxUserNameUsingPropertyFile.java:66)
at java.base/jdk.internal.reflect.NativeMethodAccessorImpl.invoke0(Native Method)
at java.base/jdk.internal.reflect.NativeMethodAccessorImpl.invoke(NativeMethodAccessorImpl.java:62)
at java.base/jdk.internal.reflect.DelegatingMethodAccessorImpl.invoke(DelegatingMethodAccessorImpl.java:43)
at java.base/java.lang.reflect.Method.invoke(Method.java:566)
at org.testng.internal.MethodInvocationHelper.invokeMethod(MethodInvocationHelper.java:133)
at org.testng.internal.MethodInvocationHelper.invokeMethodConsideringTimeout(MethodInvocationHelper.java:62)
at org.testng.internal.ConfigInvoker.invokeConfigurationMethod(ConfigInvoker.java:385)
at org.testng.internal.ConfigInvoker.invokeConfigurations(ConfigInvoker.java:321)
at org.testng.internal.TestInvoker.runConfigMethods(TestInvoker.java:700)
at org.testng.internal.TestInvoker.invokeMethod(TestInvoker.java:527)
at org.testng.internal.TestInvoker.invokeTestMethod(TestInvoker.java:173)
at org.testng.internal.MethodRunner.runInSequence(MethodRunner.java:46)
at org.testng.internal.TestInvoker$MethodInvocationAgent.invoke(TestInvoker.java:824)
at org.testng.internal.TestInvoker.invokeTestMethods(TestInvoker.java:146)
at org.testng.internal.TestMethodWorker.invokeTestMethods(TestMethodWorker.java:146)
at org.testng.internal.TestMethodWorker.run(TestMethodWorker.java:128)
at java.base/java.util.ArrayList.forEach(ArrayList.java:1541)
at org.testng.TestRunner.privateRun(TestRunner.java:794)
at org.testng.TestRunner.run(TestRunner.java:596)
at org.testng.SuiteRunner.runTest(SuiteRunner.java:377)
at org.testng.SuiteRunner.runSequentially(SuiteRunner.java:371)
at org.testng.SuiteRunner.privateRun(SuiteRunner.java:332)
at org.testng.SuiteRunner.run(SuiteRunner.java:276)
at org.testng.SuiteRunnerWorker.runSuite(SuiteRunnerWorker.java:53)
at org.testng.SuiteRunnerWorker.run(SuiteRunnerWorker.java:96)
at org.testng.TestNG.runSuitesSequentially(TestNG.java:1212)
at org.testng.TestNG.runSuitesLocally(TestNG.java:1134)
at org.testng.TestNG.runSuites(TestNG.java:1063)
at org.testng.TestNG.run(TestNG.java:1031)
at org.testng.remote.AbstractRemoteTestNG.run(AbstractRemoteTestNG.java:115)
at org.testng.remote.RemoteTestNG.initAndRun(RemoteTestNG.java:251)
at org.testng.remote.RemoteTestNG.main(RemoteTestNG.java:77)
]]>
            </full-stacktrace>
          </exception> <!-- org.openqa.selenium.NoSuchElementException -->
          <reporter-output>
          </reporter-output>
        </test-method> <!-- ValidateUserName -->
        <test-method is-config="true" signature="LogoutFromNeostox()[pri:0, instance:neoStoxTestNGClass.ValidateNeoStoxUserNameUsingPropertyFile@18df8434]" started-at="2023-01-16T22:43:18 IST" name="LogoutFromNeostox" finished-at="1970-01-01T05:30:00 IST" duration-ms="-1673889198509" status="SKIP">
          <reporter-output>
          </reporter-output>
        </test-method> <!-- LogoutFromNeostox -->
        <test-method is-config="true" signature="closeBrowser()[pri:0, instance:neoStoxTestNGClass.ValidateNeoStoxUserNameUsingPropertyFile@18df8434]" started-at="2023-01-16T22:43:18 IST" name="closeBrowser" finished-at="1970-01-01T05:30:00 IST" duration-ms="-1673889198512" status="SKIP">
          <reporter-output>
          </reporter-output>
        </test-method> <!-- closeBrowser -->
      </class> <!-- neoStoxTestNGClass.ValidateNeoStoxUserNameUsingPropertyFile -->
    </test> <!-- Default test -->
  </suite> <!-- Default suite -->
</testng-results>
